[www.edwardwomac.com/personal-injury/car-accidents/index.html]
[backblue.gif]
[fade.gif]
[index.html]
[www.edwardwomac.com/images/logos/Logo.png]
[www.edwardwomac.com/cms/includes/zah5dzqnqgu.2303100911381.css]
[www.edwardwomac.com/images/logos/Logo2.png]
[www.edwardwomac.com/assets/panel-groups/panel-group-v5-bg-mobile.jpg]
[www.edwardwomac.com/personal-injury/car-accidents/distracted-drivers/index.html]
[www.edwardwomac.com/personal-injury/car-accidents/drunk-drivers/index.html]
[www.edwardwomac.com/personal-injury/car-accidents/uber-and-lyft-accidents/index.html]
[www.edwardwomac.com/assets/panel-groups/panel-group-v5-bg-tablet.jpg]
[www.edwardwomac.com/assets/panel-groups/panel-group-v5-bg.jpg]
[www.edwardwomac.com/assets/footers/footer-v4-bg-mobile.jpg]
[www.edwardwomac.com/assets/footers/footer-v4-bg.jpg]
[www.edwardwomac.com/common/usc/p/video.js]
[www.edwardwomac.com/personal-injury/car-accidents/index.html]
[www.edwardwomac.com/personal-injury/car-accidents/admin/index.html]
[www.edwardwomac.com/personal-injury/car-accidents/usc/index.html]
[www.edwardwomac.com/personal-injury/car-accidents/cms/index.html]
[www.edwardwomac.com/cms/includes/eexzpgh7dg_.2303171439226.js]
[www.edwardwomac.com/common/images/sprite24.png]
[www.edwardwomac.com/cms/includes/zah5dzqnqgu.2303100911381.css]
[www.edwardwomac.com/cms/includes/_1tl03i85xl.2303100911381.css]
[www.edwardwomac.com/personal-injury/car-accidents/uber-and-lyft-accidents/index.html]
[www.edwardwomac.com/personal-injury/car-accidents/distracted-drivers/index.html]
[www.edwardwomac.com/cms/includes/qlhtcgbxk77.2303171439226.js]
[www.edwardwomac.com/cms/includes/tniayjn4wma.2303100911381.css]
[www.edwardwomac.com/assets/content/stamp-mobile.png]
[www.edwardwomac.com/assets/content/stamp.png]
[www.edwardwomac.com/personal-injury/car-accidents/drunk-drivers/index.html]
[www.edwardwomac.com/personal-injury/car-accidents/uber-and-lyft-accidents/admin/index.html]
[www.edwardwomac.com/personal-injury/car-accidents/uber-and-lyft-accidents/usc/index.html]
[www.edwardwomac.com/personal-injury/car-accidents/uber-and-lyft-accidents/cms/index.html]
[www.edwardwomac.com/cms/includes/_1tl03i85xl.2303100911381.css]
[www.edwardwomac.com/personal-injury/car-accidents/distracted-drivers/admin/index.html]
[www.edwardwomac.com/personal-injury/car-accidents/distracted-drivers/usc/index.html]
[www.edwardwomac.com/personal-injury/car-accidents/distracted-drivers/cms/index.html]
[www.edwardwomac.com/personal-injury/car-accidents/drunk-drivers/admin/index.html]
[www.edwardwomac.com/personal-injury/car-accidents/drunk-drivers/usc/index.html]
[www.edwardwomac.com/personal-injury/car-accidents/drunk-drivers/cms/index.html]
[www.edwardwomac.com/cms/includes/tniayjn4wma.2303100911381.css]
